{"C:\\Users\\Kawmi\\Desktop\\sms\\TestApp\\backend\\services\\audit-service\\src\\controllers\\auditController.js": {"path":"C:\\Users\\Kawmi\\Desktop\\sms\\TestApp\\backend\\services\\audit-service\\src\\controllers\\auditController.js","statementMap":{"0":{"start":{"line":1,"column":17},"end":{"line":1,"column":46}},"1":{"start":{"line":8,"column":8},"end":{"line":38,"column":9}},"2":{"start":{"line":18,"column":16},"end":{"line":18,"column":24}},"3":{"start":{"line":20,"column":27},"end":{"line":29,"column":14}},"4":{"start":{"line":31,"column":12},"end":{"line":35,"column":15}},"5":{"start":{"line":37,"column":12},"end":{"line":37,"column":24}},"6":{"start":{"line":44,"column":8},"end":{"line":72,"column":9}},"7":{"start":{"line":54,"column":16},"end":{"line":54,"column":25}},"8":{"start":{"line":56,"column":27},"end":{"line":67,"column":13}},"9":{"start":{"line":69,"column":12},"end":{"line":69,"column":54}},"10":{"start":{"line":71,"column":12},"end":{"line":71,"column":24}},"11":{"start":{"line":78,"column":8},"end":{"line":83,"column":9}},"12":{"start":{"line":79,"column":26},"end":{"line":79,"column":51}},"13":{"start":{"line":80,"column":12},"end":{"line":80,"column":53}},"14":{"start":{"line":82,"column":12},"end":{"line":82,"column":24}},"15":{"start":{"line":89,"column":8},"end":{"line":97,"column":9}},"16":{"start":{"line":90,"column":24},"end":{"line":90,"column":62}},"17":{"start":{"line":91,"column":12},"end":{"line":93,"column":13}},"18":{"start":{"line":92,"column":16},"end":{"line":92,"column":96}},"19":{"start":{"line":94,"column":12},"end":{"line":94,"column":51}},"20":{"start":{"line":96,"column":12},"end":{"line":96,"column":24}},"21":{"start":{"line":101,"column":0},"end":{"line":101,"column":39}}},"fnMap":{"0":{"name":"(anonymous_0)","decl":{"start":{"line":7,"column":4},"end":{"line":7,"column":5}},"loc":{"start":{"line":7,"column":36},"end":{"line":39,"column":5}},"line":7},"1":{"name":"(anonymous_1)","decl":{"start":{"line":43,"column":4},"end":{"line":43,"column":5}},"loc":{"start":{"line":43,"column":34},"end":{"line":73,"column":5}},"line":43},"2":{"name":"(anonymous_2)","decl":{"start":{"line":77,"column":4},"end":{"line":77,"column":5}},"loc":{"start":{"line":77,"column":35},"end":{"line":84,"column":5}},"line":77},"3":{"name":"(anonymous_3)","decl":{"start":{"line":88,"column":4},"end":{"line":88,"column":5}},"loc":{"start":{"line":88,"column":37},"end":{"line":98,"column":5}},"line":88}},"branchMap":{"0":{"loc":{"start":{"line":28,"column":27},"end":{"line":28,"column":46}},"type":"binary-expr","locations":[{"start":{"line":28,"column":27},"end":{"line":28,"column":36}},{"start":{"line":28,"column":40},"end":{"line":28,"column":46}}],"line":28},"1":{"loc":{"start":{"line":46,"column":16},"end":{"line":46,"column":24}},"type":"default-arg","locations":[{"start":{"line":46,"column":23},"end":{"line":46,"column":24}}],"line":46},"2":{"loc":{"start":{"line":47,"column":16},"end":{"line":47,"column":26}},"type":"default-arg","locations":[{"start":{"line":47,"column":24},"end":{"line":47,"column":26}}],"line":47},"3":{"loc":{"start":{"line":60,"column":29},"end":{"line":60,"column":63}},"type":"cond-expr","locations":[{"start":{"line":60,"column":39},"end":{"line":60,"column":56}},{"start":{"line":60,"column":59},"end":{"line":60,"column":63}}],"line":60},"4":{"loc":{"start":{"line":61,"column":31},"end":{"line":61,"column":69}},"type":"cond-expr","locations":[{"start":{"line":61,"column":43},"end":{"line":61,"column":62}},{"start":{"line":61,"column":65},"end":{"line":61,"column":69}}],"line":61},"5":{"loc":{"start":{"line":62,"column":33},"end":{"line":62,"column":52}},"type":"binary-expr","locations":[{"start":{"line":62,"column":33},"end":{"line":62,"column":44}},{"start":{"line":62,"column":48},"end":{"line":62,"column":52}}],"line":62},"6":{"loc":{"start":{"line":63,"column":32},"end":{"line":63,"column":50}},"type":"binary-expr","locations":[{"start":{"line":63,"column":32},"end":{"line":63,"column":42}},{"start":{"line":63,"column":46},"end":{"line":63,"column":50}}],"line":63},"7":{"loc":{"start":{"line":64,"column":30},"end":{"line":64,"column":46}},"type":"binary-expr","locations":[{"start":{"line":64,"column":30},"end":{"line":64,"column":38}},{"start":{"line":64,"column":42},"end":{"line":64,"column":46}}],"line":64},"8":{"loc":{"start":{"line":65,"column":28},"end":{"line":65,"column":42}},"type":"binary-expr","locations":[{"start":{"line":65,"column":28},"end":{"line":65,"column":34}},{"start":{"line":65,"column":38},"end":{"line":65,"column":42}}],"line":65},"9":{"loc":{"start":{"line":91,"column":12},"end":{"line":93,"column":13}},"type":"if","locations":[{"start":{"line":91,"column":12},"end":{"line":93,"column":13}},{"start":{},"end":{}}],"line":91}},"s":{"0":1,"1":4,"2":4,"3":4,"4":3,"5":1,"6":7,"7":7,"8":7,"9":7,"10":0,"11":3,"12":3,"13":2,"14":1,"15":3,"16":3,"17":2,"18":1,"19":1,"20":1,"21":1},"f":{"0":4,"1":7,"2":3,"3":3},"b":{"0":[4,3],"1":[1],"2":[1],"3":[1,6],"4":[1,6],"5":[7,6],"6":[7,6],"7":[7,6],"8":[7,6],"9":[1,1]},"_coverageSchema":"1a1c01bbd47fc00a2c39e90264f33305004495a9","hash":"40728e0662d0d1c7d65e932bc0ec9f857abc98f8"}
}
