TN:
SF:src\controllers\auditController.js
FN:7,(anonymous_0)
FN:43,(anonymous_1)
FN:77,(anonymous_2)
FN:88,(anonymous_3)
FNF:4
FNH:4
FNDA:4,(anonymous_0)
FNDA:7,(anonymous_1)
FNDA:3,(anonymous_2)
FNDA:3,(anonymous_3)
DA:1,1
DA:8,4
DA:18,4
DA:20,4
DA:31,3
DA:37,1
DA:44,7
DA:54,7
DA:56,7
DA:69,7
DA:71,0
DA:78,3
DA:79,3
DA:80,2
DA:82,1
DA:89,3
DA:90,3
DA:91,2
DA:92,1
DA:94,1
DA:96,1
DA:101,1
LF:22
LH:21
BRDA:28,0,0,4
BRDA:28,0,1,3
BRDA:46,1,0,1
BRDA:47,2,0,1
BRDA:60,3,0,1
BRDA:60,3,1,6
BRDA:61,4,0,1
BRDA:61,4,1,6
BRDA:62,5,0,7
BRDA:62,5,1,6
BRDA:63,6,0,7
BRDA:63,6,1,6
BRDA:64,7,0,7
BRDA:64,7,1,6
BRDA:65,8,0,7
BRDA:65,8,1,6
BRDA:91,9,0,1
BRDA:91,9,1,1
BRF:18
BRH:18
end_of_record
